
======== GPU REPORT ========

==============NVSMI LOG==============

Timestamp                                 : Thu Sep  4 14:51:42 2025
Driver Version                            : 570.133.20
CUDA Version                              : 12.8

Attached GPUs                             : 4
GPU 00000000:4E:00.0
    Accounting Mode                       : Enabled
    Accounting Mode Buffer Size           : 4000
    Accounted Processes
        Process ID                        : 2927892
            GPU Utilization               : 7 %
            Memory Utilization            : 0 %
            Max memory usage              : 74850 MiB
            Time                          : 183249 ms
            Is Running                    : 0
        Process ID                        : 3264409
            GPU Utilization               : 0 %
            Memory Utilization            : 0 %
            Max memory usage              : 74848 MiB
            Time                          : 145942 ms
            Is Running                    : 0
        Process ID                        : 3264992
            GPU Utilization               : 0 %
            Memory Utilization            : 0 %
            Max memory usage              : 74848 MiB
            Time                          : 143249 ms
            Is Running                    : 0
        Process ID                        : 3265446
            GPU Utilization               : 35 %
            Memory Utilization            : 8 %
            Max memory usage              : 74852 MiB
            Time                          : 1894073 ms
            Is Running                    : 0

GPU 00000000:5F:00.0
    Accounting Mode                       : Enabled
    Accounting Mode Buffer Size           : 4000
    Accounted Processes
        Process ID                        : 2927893
            GPU Utilization               : 6 %
            Memory Utilization            : 0 %
            Max memory usage              : 74914 MiB
            Time                          : 183251 ms
            Is Running                    : 0
        Process ID                        : 3264410
            GPU Utilization               : 0 %
            Memory Utilization            : 0 %
            Max memory usage              : 74912 MiB
            Time                          : 145936 ms
            Is Running                    : 0
        Process ID                        : 3264993
            GPU Utilization               : 0 %
            Memory Utilization            : 0 %
            Max memory usage              : 74912 MiB
            Time                          : 143243 ms
            Is Running                    : 0
        Process ID                        : 3265447
            GPU Utilization               : 30 %
            Memory Utilization            : 8 %
            Max memory usage              : 74916 MiB
            Time                          : 1894070 ms
            Is Running                    : 0

GPU 00000000:CB:00.0
    Accounting Mode                       : Enabled
    Accounting Mode Buffer Size           : 4000
    Accounted Processes
        Process ID                        : 2927894
            GPU Utilization               : 5 %
            Memory Utilization            : 0 %
            Max memory usage              : 74914 MiB
            Time                          : 183208 ms
            Is Running                    : 0
        Process ID                        : 3264411
            GPU Utilization               : 0 %
            Memory Utilization            : 0 %
            Max memory usage              : 74912 MiB
            Time                          : 145929 ms
            Is Running                    : 0
        Process ID                        : 3264994
            GPU Utilization               : 0 %
            Memory Utilization            : 0 %
            Max memory usage              : 74912 MiB
            Time                          : 143237 ms
            Is Running                    : 0
        Process ID                        : 3265448
            GPU Utilization               : 27 %
            Memory Utilization            : 8 %
            Max memory usage              : 74916 MiB
            Time                          : 1894065 ms
            Is Running                    : 0

GPU 00000000:DB:00.0
    Accounting Mode                       : Enabled
    Accounting Mode Buffer Size           : 4000
    Accounted Processes
        Process ID                        : 2927895
            GPU Utilization               : 6 %
            Memory Utilization            : 0 %
            Max memory usage              : 74850 MiB
            Time                          : 183190 ms
            Is Running                    : 0
        Process ID                        : 3264412
            GPU Utilization               : 0 %
            Memory Utilization            : 0 %
            Max memory usage              : 74848 MiB
            Time                          : 145921 ms
            Is Running                    : 0
        Process ID                        : 3264995
            GPU Utilization               : 0 %
            Memory Utilization            : 0 %
            Max memory usage              : 74848 MiB
            Time                          : 143235 ms
            Is Running                    : 0
        Process ID                        : 3265449
            GPU Utilization               : 28 %
            Memory Utilization            : 8 %
            Max memory usage              : 74852 MiB
            Time                          : 1894060 ms
            Is Running                    : 0

Thu Sep  4 14:51:42 2025       
+-----------------------------------------------------------------------------------------+
| NVIDIA-SMI 570.133.20             Driver Version: 570.133.20     CUDA Version: 12.8     |
|-----------------------------------------+------------------------+----------------------+
| GPU  Name                 Persistence-M | Bus-Id          Disp.A | Volatile Uncorr. ECC |
| Fan  Temp   Perf          Pwr:Usage/Cap |           Memory-Usage | GPU-Util  Compute M. |
|                                         |                        |               MIG M. |
|=========================================+========================+======================|
|   0  NVIDIA H100 80GB HBM3          On  |   00000000:4E:00.0 Off |                    0 |
| N/A   37C    P0             70W /  700W |       0MiB /  81559MiB |      0%      Default |
|                                         |                        |             Disabled |
+-----------------------------------------+------------------------+----------------------+
|   1  NVIDIA H100 80GB HBM3          On  |   00000000:5F:00.0 Off |                    0 |
| N/A   36C    P0             70W /  700W |       0MiB /  81559MiB |      0%      Default |
|                                         |                        |             Disabled |
+-----------------------------------------+------------------------+----------------------+
|   2  NVIDIA H100 80GB HBM3          On  |   00000000:CB:00.0 Off |                    0 |
| N/A   36C    P0             71W /  700W |       0MiB /  81559MiB |      0%      Default |
|                                         |                        |             Disabled |
+-----------------------------------------+------------------------+----------------------+
|   3  NVIDIA H100 80GB HBM3          On  |   00000000:DB:00.0 Off |                    0 |
| N/A   36C    P0             69W /  700W |       0MiB /  81559MiB |      0%      Default |
|                                         |                        |             Disabled |
+-----------------------------------------+------------------------+----------------------+
                                                                                         
+-----------------------------------------------------------------------------------------+
| Processes:                                                                              |
|  GPU   GI   CI              PID   Type   Process name                        GPU Memory |
|        ID   ID                                                               Usage      |
|=========================================================================================|
|  No running processes found                                                             |
+-----------------------------------------------------------------------------------------+
